inappDemoKitkat/proguard/seeds.txt
com.example.inappdemokitkat.MainActivity
com.example.inappdemokitkat.MainActivity: MainActivity()
com.example.inappdemokitkat.MainActivity: void launchChat(android.view.View)
com.example.inappdemokitkat.MainActivity: void launchCreateTicket(android.view.View)
com.example.inappdemokitkat.R$anim: int abc_fade_in
com.example.inappdemokitkat.R$anim: int abc_fade_out
com.example.inappdemokitkat.R$anim: int abc_slide_in_bottom
com.example.inappdemokitkat.R$anim: int abc_slide_in_top
com.example.inappdemokitkat.R$anim: int abc_slide_out_bottom
com.example.inappdemokitkat.R$anim: int abc_slide_out_top
com.example.inappdemokitkat.R$attr: int actionBarDivider
com.example.inappdemokitkat.R$attr: int actionBarItemBackground
com.example.inappdemokitkat.R$attr: int actionBarSize
com.example.inappdemokitkat.R$attr: int actionBarSplitStyle
com.example.inappdemokitkat.R$attr: int actionBarStyle
com.example.inappdemokitkat.R$attr: int actionBarTabBarStyle
com.example.inappdemokitkat.R$attr: int actionBarTabStyle
com.example.inappdemokitkat.R$attr: int actionBarTabTextStyle
com.example.inappdemokitkat.R$attr: int actionBarWidgetTheme
com.example.inappdemokitkat.R$attr: int actionButtonStyle
com.example.inappdemokitkat.R$attr: int actionDropDownStyle
com.example.inappdemokitkat.R$attr: int actionLayout
com.example.inappdemokitkat.R$attr: int actionMenuTextAppearance
com.example.inappdemokitkat.R$attr: int actionMenuTextColor
com.example.inappdemokitkat.R$attr: int actionModeBackground
com.example.inappdemokitkat.R$attr: int actionModeCloseButtonStyle
com.example.inappdemokitkat.R$attr: int actionModeCloseDrawable
com.example.inappdemokitkat.R$attr: int actionModeCopyDrawable
com.example.inappdemokitkat.R$attr: int actionModeCutDrawable
com.example.inappdemokitkat.R$attr: int actionModeFindDrawable
com.example.inappdemokitkat.R$attr: int actionModePasteDrawable
com.example.inappdemokitkat.R$attr: int actionModePopupWindowStyle
com.example.inappdemokitkat.R$attr: int actionModeSelectAllDrawable
com.example.inappdemokitkat.R$attr: int actionModeShareDrawable
com.example.inappdemokitkat.R$bool: int abc_action_bar_embed_tabs_pre_jb
com.example.inappdemokitkat.R$bool: int abc_action_bar_expanded_action_views_exclusive
com.example.inappdemokitkat.R$bool: int abc_config_actionMenuItemAllCaps
com.example.inappdemokitkat.R$bool: int abc_config_allowActionMenuItemTextWithIcon
com.example.inappdemokitkat.R$bool: int abc_config_showMenuShortcutsWhenKeyboardPresent
com.example.inappdemokitkat.R$bool: int abc_split_action_bar_is_narrow
...
com.google.android.gms.fitness.request.DataInsertRequest
com.google.android.gms.fitness.request.DataInsertRequest: android.os.Parcelable$Creator CREATOR
com.google.android.gms.fitness.request.DataReadRequest
com.google.android.gms.fitness.request.DataReadRequest: android.os.Parcelable$Creator CREATOR
com.google.android.gms.fitness.request.DataSourcesRequest
com.google.android.gms.fitness.request.DataSourcesRequest: android.os.Parcelable$Creator CREATOR
com.google.android.gms.fitness.request.DataTypeCreateRequest
com.google.android.gms.fitness.request.DataTypeCreateRequest: android.os.Parcelable$Creator CREATOR
com.google.android.gms.fitness.request.SessionInsertRequest
com.google.android.gms.fitness.request.SessionInsertRequest: android.os.Parcelable$Creator CREATOR
com.google.android.gms.fitness.request.SessionReadRequest
com.google.android.gms.fitness.request.SessionReadRequest: android.os.Parcelable$Creator CREATOR
com.google.android.gms.fitness.request.StartBleScanRequest
com.google.android.gms.fitness.request.StartBleScanRequest: android.os.Parcelable$Creator CREATOR
com.google.android.gms.fitness.request.UnclaimBleDeviceRequest
com.google.android.gms.fitness.request.UnclaimBleDeviceRequest: android.os.Parcelable$Creator CREATOR
com.google.android.gms.fitness.request.ac
com.google.android.gms.fitness.request.ac: android.os.Parcelable$Creator CREATOR
com.google.android.gms.fitness.request.ae
com.google.android.gms.fitness.request.ae: android.os.Parcelable$Creator CREATOR
com.google.android.gms.fitness.request.ah
com.google.android.gms.fitness.request.ah: android.os.Parcelable$Creator CREATOR
com.google.android.gms.fitness.request.b
com.google.android.gms.fitness.request.b: android.os.Parcelable$Creator CREATOR
com.google.android.gms.fitness.request.i
com.google.android.gms.fitness.request.i: android.os.Parcelable$Creator CREATOR
com.google.android.gms.fitness.request.l
com.google.android.gms.fitness.request.l: android.os.Parcelable$Creator CREATOR
com.google.android.gms.fitness.request.n
com.google.android.gms.fitness.request.n: android.os.Parcelable$Creator CREATOR
com.google.android.gms.fitness.request.p
com.google.android.gms.fitness.request.p: android.os.Parcelable$Creator CREATOR
com.google.android.gms.fitness.request.t
com.google.android.gms.fitness.request.t: android.os.Parcelable$Creator CREATOR
com.google.android.gms.fitness.request.v
com.google.android.gms.fitness.request.v: android.os.Parcelable$Creator CREATOR
com.google.android.gms.fitness.request.x
com.google.android.gms.fitness.request.x: android.os.Parcelable$Creator CREATOR
com.google.android.gms.fitness.request.z
com.google.android.gms.fitness.request.z: android.os.Parcelable$Creator CREATOR
com.google.android.gms.fitness.result.BleDevicesResult
com.google.android.gms.fitness.result.BleDevicesResult: android.os.Parcelable$Creator CREATOR
com.google.android.gms.fitness.result.DataReadResult
com.google.android.gms.fitness.result.DataReadResult: android.os.Parcelable$Creator CREATOR
com.google.android.gms.fitness.result.DataSourcesResult
com.google.android.gms.fitness.result.DataSourcesResult: android.os.Parcelable$Creator CREATOR
com.google.android.gms.fitness.result.DataTypeResult
com.google.android.gms.fitness.result.DataTypeResult: android.os.Parcelable$Creator CREATOR
com.google.android.gms.fitness.result.ListSubscriptionsResult
com.google.android.gms.fitness.result.ListSubscriptionsResult: android.os.Parcelable$Creator CREATOR
com.google.android.gms.fitness.result.SessionReadResult
com.google.android.gms.fitness.result.SessionReadResult: android.os.Parcelable$Creator CREATOR
com.google.android.gms.fitness.result.SessionStopResult
com.google.android.gms.fitness.result.SessionStopResult: android.os.Parcelable$Creator CREATOR
com.google.android.gms.fitness.service.FitnessSensorServiceRequest
com.google.android.gms.fitness.service.FitnessSensorServiceRequest: android.os.Parcelable$Creator CREATOR
com.google.android.gms.games.Game